[2025-06-12T05:18:39.083Z] [test-log] analysisId=test hasLLM=false
[2025-06-12T05:18:40.689Z] [test-log] analysisId=test hasLLM=false
[2025-06-12T05:18:41.058Z] [test-log] analysisId=test hasLLM=false
[2025-06-12T05:18:41.378Z] [test-log] analysisId=test hasLLM=false
[2025-06-12T05:18:41.689Z] [test-log] analysisId=test hasLLM=false
[2025-06-12T05:18:41.834Z] [test-log] analysisId=test hasLLM=false
[2025-06-12T05:18:42.027Z] [test-log] analysisId=test hasLLM=false
[2025-06-12T05:18:42.210Z] [test-log] analysisId=test hasLLM=false
[2025-06-12T05:18:42.380Z] [test-log] analysisId=test hasLLM=false
[2025-06-12T05:18:43.410Z] [test-log] analysisId=test hasLLM=false
[2025-06-12T05:18:43.637Z] [test-log] analysisId=test hasLLM=false
[2025-06-12T05:18:43.810Z] [test-log] analysisId=test hasLLM=false
[2025-06-12T05:18:43.973Z] [test-log] analysisId=test hasLLM=false
[2025-06-12T05:18:50.371Z] [test-log] analysisId=test hasLLM=false
[2025-06-12T05:18:50.557Z] [test-log] analysisId=test hasLLM=false
[2025-06-12T05:19:41.339Z] [test-log] analysisId=test hasLLM=false
[2025-06-12T05:19:47.307Z] [test-log] analysisId=test hasLLM=false
[2025-06-12T05:19:47.507Z] [test-log] analysisId=test hasLLM=false
[2025-06-12T05:19:47.707Z] [test-log] analysisId=test hasLLM=false
[2025-06-12T05:20:58.932Z] [test-log] analysisId=test hasLLM=false
[2025-06-12T05:21:51.308Z] [test-log] analysisId=test hasLLM=false
[2025-06-12T05:22:45.095Z] [test-log] analysisId=test hasLLM=false
[startup] Debug log write test
[2025-06-12T05:23:44.463Z] [test-log] analysisId=test hasLLM=false
[startup] Debug log write test
[2025-06-12T05:24:40.919Z] [test-log] analysisId=test hasLLM=false
[2025-06-12T05:24:44.149Z] [test-log] analysisId=test hasLLM=false
[startup] Debug log write test
[2025-06-12T05:25:34.463Z] [test-log] analysisId=test hasLLM=false
[startup] Debug log write test
[2025-06-12T05:26:50.728Z] [test-log] analysisId=test hasLLM=false
[startup] Debug log write test
[2025-06-12T05:27:44.353Z] [test-log] analysisId=test hasLLM=false
[startup] Debug log write test
[2025-06-12T05:28:34.258Z] [test-log] analysisId=test hasLLM=false
[2025-06-12T05:30:44.284Z] [test-log] analysisId=test hasLLM=false
[startup] Debug log write test
[2025-06-12T05:31:36.940Z] [test-log] analysisId=test hasLLM=false
[startup] Debug log write test
[2025-06-12T05:32:33.716Z] [test-log] analysisId=test hasLLM=false
[startup] Debug log write test
[2025-06-12T05:33:30.851Z] [test-log] analysisId=test hasLLM=false
[startup] Debug log write test
[2025-06-12T05:35:15.990Z] [test-log] analysisId=test hasLLM=false
[startup] Debug log write test
[2025-06-12T05:36:27.985Z] [test-log] analysisId=test hasLLM=false
[2025-06-12T05:36:43.076Z] [test-log] analysisId=test hasLLM=false
[startup] Debug log write test
[2025-06-12T05:37:39.277Z] [test-log] analysisId=test hasLLM=false
[startup] Debug log write test
[2025-06-12T05:39:06.185Z] [test-log] analysisId=test hasLLM=false
[2025-06-12T05:39:12.171Z] [test-log] analysisId=test hasLLM=false
[startup] Debug log write test
[2025-06-12T05:40:02.864Z] [test-log] analysisId=test hasLLM=false
[startup] Debug log write test
[2025-06-12T05:41:10.481Z] [test-log] analysisId=test hasLLM=false
[startup] Debug log write test
[2025-06-12T05:42:39.604Z] [test-log] analysisId=test hasLLM=false
[2025-06-12T05:43:46.773Z] [test-log] analysisId=test hasLLM=false
[2025-06-12T05:44:24.409Z] [test-log] analysisId=test hasLLM=false
[2025-06-12T05:44:28.035Z] [test-log] analysisId=test hasLLM=false
[2025-06-12T05:46:06.508Z] [test-log] analysisId=test hasLLM=false
[startup] Debug log write test
[2025-06-12T05:49:01.813Z] [render-analysis-details-fallback] analysisId= hasLLM=false
[startup] Debug log write test
[2025-06-12T05:52:03.629Z] [ipc-get-debug-log]
[2025-06-12T05:52:16.495Z] [file-upload] analysisId= hasLLM=
[2025-06-12T05:52:16.496Z] [ipc-analyze-file] filePath=/Users/damian/Library/CloudStorage/OneDrive-Personal/02. Assignments/04. First Watch/PLC Code Checker/untitled folder/FC_Logic Bomb.txt
[2025-06-12T05:52:31.919Z] [analyze-file-response] analysisId= hasLLM=
[2025-06-12T05:52:31.919Z] [analysis-details-fallback] analysisId= hasLLM=false
[2025-06-12T05:52:31.919Z] [render-analysis-details-fallback] analysisId= hasLLM=false
[2025-06-12T05:52:50.136Z] [ipc-get-debug-log]
[2025-06-12T05:54:51.374Z] [ipc-get-debug-log]
[2025-06-12T05:55:02.839Z] [ipc-get-debug-log]
[2025-06-12T05:55:06.732Z] [ipc-get-debug-log]
[2025-06-12T05:55:10.215Z] [ipc-get-debug-log]
[2025-06-12T05:55:14.862Z] [ipc-get-debug-log]
[2025-06-12T05:57:01.379Z] [ipc-get-debug-log]
[2025-06-12T05:58:35.098Z] [ipc-get-debug-log]
[2025-06-12T05:58:53.151Z] [ipc-get-debug-log]
[2025-06-12T05:59:28.034Z] [ipc-get-debug-log]
[startup] Debug log write test
[2025-06-12T05:59:46.804Z] [navigate-dashboard] analysisId= hasLLM=
[2025-06-12T05:59:59.148Z] [file-upload] analysisId= hasLLM=
[2025-06-12T05:59:59.149Z] [ipc-analyze-file] filePath=/Users/damian/Library/CloudStorage/OneDrive-Personal/02. Assignments/04. First Watch/PLC Code Checker/untitled folder/FC_Logic Bomb.txt
[2025-06-12T06:00:16.098Z] [analyze-file-response] analysisId= hasLLM=
[2025-06-12T06:00:16.098Z] [analysis-details-fallback] analysisId= hasLLM=false
[2025-06-12T06:00:16.098Z] [render-analysis-details-fallback] analysisId= hasLLM=false
[2025-06-12T06:00:24.958Z] [navigate-analysis] analysisId= hasLLM=
[2025-06-12T06:00:27.638Z] [analysis-list-view-details] analysisId=12 hasLLM=
[2025-06-12T06:00:27.641Z] [ipc-get-analysis] id=12
[2025-06-12T06:01:47.198Z] [navigate-analysis] analysisId= hasLLM=
[2025-06-12T06:02:01.473Z] [navigate-analysis] analysisId= hasLLM=
[startup] Debug log write test
[2025-06-12T06:02:38.418Z] [navigate-dashboard] analysisId= hasLLM=
[2025-06-12T06:02:54.949Z] [file-upload] analysisId= hasLLM=
[2025-06-12T06:02:54.951Z] [ipc-analyze-file] filePath=/Users/damian/Library/CloudStorage/OneDrive-Personal/02. Assignments/04. First Watch/PLC Code Checker/untitled folder/FC_Logic Bomb.txt
[2025-06-12T06:03:09.347Z] [analyze-file-response] analysisId= hasLLM=
[2025-06-12T06:03:09.348Z] [analysis-details-fallback] analysisId= hasLLM=false
[2025-06-12T06:03:09.348Z] [render-analysis-details-fallback] analysisId= hasLLM=false
[2025-06-12T06:03:09.348Z] [analysis-details-fallback] analysisId= hasLLM=false
[2025-06-12T06:05:57.198Z] [file-upload] analysisId= hasLLM=
[2025-06-12T06:05:57.199Z] [ipc-analyze-file] filePath=/Users/damian/Library/CloudStorage/OneDrive-Personal/02. Assignments/04. First Watch/PLC Code Checker/untitled folder/FC_Logic Bomb.txt
[2025-06-12T06:06:12.238Z] [analyze-file-response] analysisId= hasLLM=
[2025-06-12T06:06:12.238Z] [analysis-details-fallback] analysisId= hasLLM=false
[2025-06-12T06:06:12.238Z] [render-analysis-details-fallback] analysisId= hasLLM=false
[2025-06-12T06:06:12.239Z] [analysis-details-fallback] analysisId= hasLLM=false
[2025-06-12T06:07:20.833Z] [navigate-baselines] analysisId= hasLLM=
[2025-06-12T06:07:23.816Z] [file-upload] analysisId= hasLLM=
[2025-06-12T06:07:23.817Z] [ipc-analyze-file] filePath=/Users/damian/Library/CloudStorage/OneDrive-Personal/02. Assignments/04. First Watch/PLC Code Checker/untitled folder/FC_Logic Bomb.txt
[2025-06-12T06:07:37.946Z] [analyze-file-response] analysisId= hasLLM=
[2025-06-12T06:07:37.947Z] [analysis-details-fallback] analysisId= hasLLM=false
[2025-06-12T06:07:37.947Z] [render-analysis-details-fallback] analysisId= hasLLM=false
[2025-06-12T06:07:37.947Z] [analysis-details-fallback] analysisId= hasLLM=false
[2025-06-12T06:08:11.541Z] [navigate-baselines] analysisId= hasLLM=
[2025-06-12T06:08:18.734Z] [file-upload] analysisId= hasLLM=
[2025-06-12T06:08:18.735Z] [ipc-analyze-file] filePath=/Users/damian/Library/CloudStorage/OneDrive-Personal/02. Assignments/04. First Watch/PLC Code Checker/untitled folder/FC_Logic Bomb.txt
[2025-06-12T06:08:33.613Z] [analyze-file-response] analysisId= hasLLM=
[2025-06-12T06:08:33.613Z] [analysis-details-fallback] analysisId= hasLLM=false
[2025-06-12T06:08:33.613Z] [render-analysis-details-fallback] analysisId= hasLLM=false
[2025-06-12T06:08:33.613Z] [analysis-details-fallback] analysisId= hasLLM=false
[2025-06-12T06:09:28.163Z] [navigate-dashboard] analysisId= hasLLM=
[2025-06-12T06:09:32.102Z] [file-upload] analysisId= hasLLM=
[2025-06-12T06:09:32.102Z] [ipc-analyze-file] filePath=/Users/damian/Library/CloudStorage/OneDrive-Personal/02. Assignments/04. First Watch/PLC Code Checker/untitled folder/FC_Logic Bomb.txt
[2025-06-12T06:09:44.630Z] [analyze-file-response] analysisId= hasLLM=
[2025-06-12T06:09:44.630Z] [analysis-details-fallback] analysisId= hasLLM=false
[2025-06-12T06:09:44.630Z] [render-analysis-details-fallback] analysisId= hasLLM=false
[2025-06-12T06:09:44.631Z] [analysis-details-fallback] analysisId= hasLLM=false
[2025-06-12T06:13:34.928Z] [file-upload] analysisId= hasLLM=
[2025-06-12T06:13:34.929Z] [ipc-analyze-file] filePath=/Users/damian/Library/CloudStorage/OneDrive-Personal/02. Assignments/04. First Watch/PLC Code Checker/untitled folder/FC_Logic Bomb.txt
[2025-06-12T06:13:47.499Z] [analyze-file-response] analysisId= hasLLM=
[2025-06-12T06:13:47.499Z] [analysis-details-fallback] analysisId= hasLLM=false
[2025-06-12T06:13:47.499Z] [render-analysis-details-fallback] analysisId= hasLLM=false
[2025-06-12T06:13:47.500Z] [analysis-details-fallback] analysisId= hasLLM=false
[startup] Debug log write test
[2025-06-12T06:15:00.455Z] [navigate-dashboard] analysisId= hasLLM=
[2025-06-12T06:15:09.111Z] [file-upload] analysisId= hasLLM=
[2025-06-12T06:15:09.113Z] [ipc-analyze-file] filePath=/Users/damian/Library/CloudStorage/OneDrive-Personal/02. Assignments/04. First Watch/PLC Code Checker/untitled folder/FC_Logic Bomb.txt
[startup] Debug log write test
[2025-06-12T06:17:52.057Z] [navigate-dashboard] analysisId= hasLLM=
[2025-06-12T06:17:56.640Z] [file-upload] analysisId= hasLLM=
[2025-06-12T06:17:56.641Z] [ipc-analyze-file] filePath=/Users/damian/Library/CloudStorage/OneDrive-Personal/02. Assignments/04. First Watch/PLC Code Checker/untitled folder/FC_Logic Bomb.txt
[2025-06-12T06:18:10.923Z] [analyze-file-response] analysisId= hasLLM=
[2025-06-12T06:18:10.923Z] [analysis-details-fallback] analysisId= hasLLM=false
[2025-06-12T06:18:10.923Z] [render-analysis-details-fallback] analysisId= hasLLM=false
[2025-06-12T06:18:19.221Z] [analysis-details-copy-raw] analysisId=temp-1749709090924-6668 hasLLM=
[2025-06-12T06:18:29.439Z] [navigate-analysis] analysisId= hasLLM=
[2025-06-12T06:18:31.713Z] [analysis-list-view-details] analysisId=19 hasLLM=
[2025-06-12T06:18:31.714Z] [ipc-get-analysis] id=19
[2025-06-12T06:18:40.952Z] [analysis-details-copy-raw] analysisId=19 hasLLM=
[2025-06-12T06:19:42.296Z] [analysis-details-copy-raw] analysisId=19 hasLLM=
[2025-06-12T06:19:59.208Z] [file-upload] analysisId= hasLLM=
[2025-06-12T06:19:59.209Z] [ipc-analyze-file] filePath=/Users/damian/Library/CloudStorage/OneDrive-Personal/02. Assignments/04. First Watch/PLC Code Checker/untitled folder/FC_Logic Bomb.txt
[2025-06-12T06:20:16.678Z] [analyze-file-response] analysisId= hasLLM=
[2025-06-12T06:20:16.678Z] [analysis-details-fallback] analysisId= hasLLM=false
[2025-06-12T06:20:16.678Z] [render-analysis-details-fallback] analysisId= hasLLM=false
[2025-06-12T06:20:28.026Z] [analysis-details-copy-raw] analysisId=temp-1749709216678-3223 hasLLM=
[2025-06-12T06:20:30.597Z] [analysis-details-copy-raw] analysisId=temp-1749709216678-3223 hasLLM=
[2025-06-12T06:21:04.354Z] [navigate-analysis] analysisId= hasLLM=
[2025-06-12T06:21:06.507Z] [analysis-list-view-details] analysisId=20 hasLLM=
[2025-06-12T06:21:06.508Z] [ipc-get-analysis] id=20
[2025-06-12T06:21:23.905Z] [analysis-details-copy-raw] analysisId=20 hasLLM=
[2025-06-12T06:22:02.568Z] [navigate-analysis] analysisId= hasLLM=
[2025-06-12T06:22:25.837Z] [analysis-list-view-details] analysisId=20 hasLLM=
[2025-06-12T06:22:25.837Z] [ipc-get-analysis] id=20
[2025-06-12T06:22:29.438Z] [analysis-details-copy-raw] analysisId=20 hasLLM=
[2025-06-12T06:23:00.153Z] [navigate-analysis] analysisId= hasLLM=
[2025-06-12T06:23:07.916Z] [analysis-list-view-details] analysisId=20 hasLLM=
[2025-06-12T06:23:07.916Z] [ipc-get-analysis] id=20
[2025-06-12T06:23:11.349Z] [analysis-details-copy-raw] analysisId=20 hasLLM=
[2025-06-12T06:23:36.506Z] [navigate-analysis] analysisId= hasLLM=
[2025-06-12T06:23:44.789Z] [analysis-list-view-details] analysisId=20 hasLLM=
[2025-06-12T06:23:44.790Z] [ipc-get-analysis] id=20
[2025-06-12T06:23:50.377Z] [navigate-analysis] analysisId= hasLLM=
[2025-06-12T06:23:54.760Z] [file-upload] analysisId= hasLLM=
[2025-06-12T06:23:54.761Z] [ipc-analyze-file] filePath=/Users/damian/Library/CloudStorage/OneDrive-Personal/02. Assignments/04. First Watch/PLC Code Checker/untitled folder/FC_Logic Bomb.txt
[2025-06-12T06:24:09.642Z] [analyze-file-response] analysisId= hasLLM=
[2025-06-12T06:24:09.642Z] [analysis-details-fallback] analysisId= hasLLM=false
[2025-06-12T06:24:09.642Z] [render-analysis-details-fallback] analysisId= hasLLM=false
[2025-06-12T06:24:12.999Z] [analysis-details-copy-raw] analysisId=temp-1749709449642-6337 hasLLM=
[2025-06-12T06:24:22.701Z] [navigate-analysis] analysisId= hasLLM=
[2025-06-12T06:24:24.221Z] [analysis-list-view-details] analysisId=21 hasLLM=
[2025-06-12T06:24:24.222Z] [ipc-get-analysis] id=21
[2025-06-12T06:24:46.364Z] [analysis-details-copy-raw] analysisId=21 hasLLM=
[2025-06-12T06:25:14.243Z] [navigate-analysis] analysisId= hasLLM=
[2025-06-12T06:25:33.149Z] [analysis-list-view-details] analysisId=21 hasLLM=
[2025-06-12T06:25:33.150Z] [ipc-get-analysis] id=21
[2025-06-12T06:26:07.610Z] [navigate-baselines] analysisId= hasLLM=
[2025-06-12T06:26:08.204Z] [navigate-analysis] analysisId= hasLLM=
[2025-06-12T06:26:09.189Z] [analysis-list-view-details] analysisId=21 hasLLM=
[2025-06-12T06:26:09.190Z] [ipc-get-analysis] id=21
[2025-06-12T06:26:14.048Z] [ipc-get-debug-log]
[2025-06-12T06:27:36.706Z] [ipc-get-debug-log]
[2025-06-12T06:29:24.938Z] [ipc-get-debug-log]
[2025-06-12T06:29:33.672Z] [file-upload] analysisId= hasLLM=
[2025-06-12T06:29:33.672Z] [ipc-analyze-file] filePath=/Users/damian/Library/CloudStorage/OneDrive-Personal/02. Assignments/04. First Watch/PLC Code Checker/untitled folder/FC_Logic Bomb.txt
[2025-06-12T06:29:50.934Z] [analyze-file-response] analysisId= hasLLM=
[2025-06-12T06:29:50.934Z] [analysis-details-fallback] analysisId= hasLLM=false
[2025-06-12T06:29:50.934Z] [render-analysis-details-fallback] analysisId= hasLLM=false
[2025-06-12T06:29:54.786Z] [analysis-details-copy-raw] analysisId=temp-1749709790934-6477 hasLLM=
[2025-06-12T06:30:04.393Z] [navigate-analysis] analysisId= hasLLM=
[2025-06-12T06:30:06.409Z] [analysis-list-view-details] analysisId=22 hasLLM=
[2025-06-12T06:30:06.410Z] [ipc-get-analysis] id=22
[2025-06-12T06:30:10.068Z] [analysis-details-copy-raw] analysisId=22 hasLLM=
[2025-06-12T06:30:39.896Z] [analysis-details-toggle-raw] analysisId=22 hasLLM=
[2025-06-12T06:30:43.482Z] [analysis-details-toggle-raw] analysisId=22 hasLLM=
[2025-06-12T06:31:21.211Z] [navigate-analysis] analysisId= hasLLM=
[2025-06-12T06:31:32.452Z] [analysis-list-view-details] analysisId=22 hasLLM=
[2025-06-12T06:31:32.453Z] [ipc-get-analysis] id=22
[2025-06-12T06:32:03.359Z] [navigate-analysis] analysisId= hasLLM=
[startup] Debug log write test
[2025-06-12T06:32:38.791Z] [navigate-dashboard] analysisId= hasLLM=
[2025-06-12T06:32:40.815Z] [navigate-analysis] analysisId= hasLLM=
[2025-06-12T06:32:42.123Z] [analysis-list-view-details] analysisId=22 hasLLM=
[2025-06-12T06:32:42.126Z] [ipc-get-analysis] id=22
[2025-06-12T06:33:16.443Z] [analysis-details-copy-raw] analysisId=22 hasLLM=
[2025-06-12T06:33:40.021Z] [navigate-analysis] analysisId= hasLLM=
[2025-06-12T06:33:47.106Z] [analysis-list-view-details] analysisId=22 hasLLM=
[2025-06-12T06:33:47.107Z] [ipc-get-analysis] id=22
[2025-06-12T06:36:25.858Z] [navigate-analysis] analysisId= hasLLM=
[2025-06-12T06:36:42.357Z] [analysis-list-view-details] analysisId=22 hasLLM=
[2025-06-12T06:36:42.357Z] [ipc-get-analysis] id=22
[2025-06-12T06:36:47.450Z] [ipc-get-debug-log]
[2025-06-12T06:36:49.892Z] [navigate-comparisons] analysisId= hasLLM=
[2025-06-12T06:36:50.504Z] [ipc-get-debug-log]
[2025-06-12T06:37:46.588Z] [ipc-get-debug-log]
[2025-06-12T06:37:59.204Z] [navigate-analysis] analysisId= hasLLM=
[2025-06-12T06:38:00.846Z] [analysis-list-view-details] analysisId=22 hasLLM=
[2025-06-12T06:38:00.848Z] [ipc-get-analysis] id=22
[2025-06-12T06:38:01.137Z] [analysis-details-render] analysisId= hasLLM=
[2025-06-12T06:38:02.340Z] [analysis-details-render] analysisId= hasLLM=
[2025-06-12T06:38:03.067Z] [ipc-get-debug-log]
[2025-06-12T06:38:37.839Z] [ipc-get-debug-log]
[2025-06-12T06:38:53.204Z] [navigate-baselines] analysisId= hasLLM=
[2025-06-12T06:38:55.124Z] [navigate-analysis] analysisId= hasLLM=
[2025-06-12T06:38:56.471Z] [analysis-list-view-details] analysisId=22 hasLLM=
[2025-06-12T06:38:56.472Z] [ipc-get-analysis] id=22
[2025-06-12T06:38:56.773Z] [analysis-details-render] analysisId= hasLLM=
[2025-06-12T06:38:57.974Z] [analysis-details-render] analysisId= hasLLM=
[2025-06-12T06:38:58.861Z] [ipc-get-debug-log]
[2025-06-12T06:39:40.477Z] [ipc-get-debug-log]
[2025-06-12T06:39:51.092Z] [navigate-baselines] analysisId= hasLLM=
[2025-06-12T06:39:51.739Z] [navigate-analysis] analysisId= hasLLM=
[2025-06-12T06:39:52.926Z] [analysis-list-view-details] analysisId=22 hasLLM=
[2025-06-12T06:39:52.927Z] [ipc-get-analysis] id=22
[2025-06-12T06:39:53.206Z] [analysis-details-render] analysisId= hasLLM=
[2025-06-12T06:39:54.408Z] [analysis-details-render] analysisId= hasLLM=
[2025-06-12T06:39:54.835Z] [ipc-get-debug-log]
[2025-06-12T06:40:28.629Z] [ipc-get-debug-log]
[2025-06-12T06:40:42.685Z] [navigate-analysis] analysisId= hasLLM=
[2025-06-12T06:40:44.327Z] [analysis-list-view-details] analysisId=22 hasLLM=
[2025-06-12T06:40:44.328Z] [ipc-get-analysis] id=22
[2025-06-12T06:40:44.620Z] [analysis-details-render] analysisId= hasLLM=
[2025-06-12T06:40:45.822Z] [analysis-details-render] analysisId= hasLLM=
[2025-06-12T06:40:47.151Z] [ipc-get-debug-log]
[2025-06-12T06:41:13.781Z] [ipc-get-debug-log]
[2025-06-12T06:41:43.316Z] [navigate-baselines] analysisId= hasLLM=
[2025-06-12T06:41:45.211Z] [navigate-analysis] analysisId= hasLLM=
[2025-06-12T06:41:47.050Z] [analysis-list-view-details] analysisId=22 hasLLM=
[2025-06-12T06:41:47.052Z] [ipc-get-analysis] id=22
[2025-06-12T06:41:47.351Z] [analysis-details-render] analysisId= hasLLM=
[2025-06-12T06:41:48.553Z] [analysis-details-render] analysisId= hasLLM=
[2025-06-12T06:41:49.494Z] [ipc-get-debug-log]
[2025-06-12T06:44:41.067Z] [ipc-get-debug-log]
[2025-06-12T06:44:52.136Z] [navigate-dashboard] analysisId= hasLLM=
[2025-06-12T06:44:56.480Z] [analysis-details-page-useEffect] analysisId= hasLLM=
[2025-06-12T06:44:56.480Z] [navigate-analysis-details] analysisId=22 hasLLM=
[2025-06-12T06:44:56.481Z] [ipc-get-analysis] id=22
[2025-06-12T06:44:56.684Z] [analysis-details-page-api-result] analysisId= hasLLM=
[2025-06-12T06:44:56.684Z] [analysis-details-page-loaded] analysisId=22 hasLLM=false
[2025-06-12T06:44:56.684Z] [render-analysis-details-page] analysisId=22 hasLLM=false
[2025-06-12T06:44:56.684Z] [analysis-details-page-finally] analysisId=22 hasLLM=
[2025-06-12T06:44:56.685Z] [analysis-details-page-render] analysisId= hasLLM=
[2025-06-12T06:44:56.685Z] [analysis-details-render] analysisId= hasLLM=
[2025-06-12T06:44:57.891Z] [analysis-details-page-render] analysisId= hasLLM=
[2025-06-12T06:44:57.892Z] [analysis-details-render] analysisId= hasLLM=
[2025-06-12T06:45:00.816Z] [navigate-analysis] analysisId= hasLLM=
[2025-06-12T06:45:02.196Z] [analysis-list-view-details] analysisId=22 hasLLM=
[2025-06-12T06:45:02.198Z] [ipc-get-analysis] id=22
[2025-06-12T06:45:02.410Z] [analysis-details-render] analysisId= hasLLM=
[2025-06-12T06:45:03.615Z] [analysis-details-render] analysisId= hasLLM=
[2025-06-12T06:45:05.815Z] [ipc-get-debug-log]
[2025-06-12T06:46:02.979Z] [navigate-analysis] analysisId= hasLLM=
[2025-06-12T06:46:04.529Z] [analysis-list-view-details] analysisId=22 hasLLM=
[2025-06-12T06:46:04.531Z] [ipc-get-analysis] id=22
[2025-06-12T06:46:04.737Z] [UNHANDLED_PROMISE_REJECTION] analysisId= hasLLM=
[startup] Debug log write test
[2025-06-12T06:46:24.870Z] [navigate-dashboard] analysisId= hasLLM=
[2025-06-12T06:46:29.876Z] [analysis-details-page-useEffect] analysisId= hasLLM=
[2025-06-12T06:46:29.876Z] [navigate-analysis-details] analysisId=22 hasLLM=
[2025-06-12T06:46:29.877Z] [ipc-get-analysis] id=22
[2025-06-12T06:46:30.090Z] [analysis-details-page-error] analysisId=22 hasLLM=
[2025-06-12T06:46:30.090Z] [analysis-details-page-finally] analysisId=22 hasLLM=
[2025-06-12T06:46:34.714Z] [ipc-get-debug-log]
[2025-06-12T06:46:38.548Z] [navigate-analysis] analysisId= hasLLM=
[2025-06-12T06:46:39.848Z] [analysis-list-view-details] analysisId=22 hasLLM=
[2025-06-12T06:46:39.850Z] [ipc-get-analysis] id=22
[2025-06-12T06:46:40.063Z] [UNHANDLED_PROMISE_REJECTION] analysisId= hasLLM=
[startup] Debug log write test
[2025-06-12T06:47:29.669Z] [navigate-dashboard] analysisId= hasLLM=
[2025-06-12T06:47:32.769Z] [analysis-details-page-useEffect] analysisId= hasLLM=
[2025-06-12T06:47:32.769Z] [navigate-analysis-details] analysisId=22 hasLLM=
[2025-06-12T06:47:32.770Z] [ipc-get-analysis] id=22
[2025-06-12T06:47:32.977Z] [analysis-details-page-api-result] analysisId= hasLLM=
[2025-06-12T06:47:32.977Z] [analysis-details-page-loaded] analysisId=22 hasLLM=false
[2025-06-12T06:47:32.977Z] [render-analysis-details-page] analysisId=22 hasLLM=false
[2025-06-12T06:47:32.977Z] [analysis-details-page-finally] analysisId=22 hasLLM=
[2025-06-12T06:47:32.978Z] [analysis-details-page-render] analysisId= hasLLM=
[2025-06-12T06:47:32.983Z] [analysis-details-render] analysisId= hasLLM=
[2025-06-12T06:47:34.184Z] [analysis-details-page-render] analysisId= hasLLM=
[2025-06-12T06:47:34.185Z] [analysis-details-render] analysisId= hasLLM=
[2025-06-12T06:47:36.188Z] [ipc-get-debug-log]
[2025-06-12T06:48:11.140Z] [ipc-get-debug-log]
[2025-06-12T06:48:26.202Z] [navigate-analysis] analysisId= hasLLM=
[2025-06-12T06:48:27.591Z] [analysis-list-view-details] analysisId=22 hasLLM=
[2025-06-12T06:48:27.592Z] [ipc-get-analysis] id=22
[2025-06-12T06:48:27.783Z] [analysis-details-render] analysisId= hasLLM=
[2025-06-12T06:48:28.985Z] [analysis-details-render] analysisId= hasLLM=
[2025-06-12T06:48:29.994Z] [ipc-get-debug-log]
[2025-06-12T06:48:45.217Z] [ipc-get-debug-log]
[2025-06-12T06:49:04.531Z] [navigate-analysis] analysisId= hasLLM=
[2025-06-12T06:49:06.638Z] [analysis-list-view-details] analysisId=22 hasLLM=
[2025-06-12T06:49:06.639Z] [ipc-get-analysis] id=22
[2025-06-12T06:49:06.837Z] [analysis-details-render] analysisId= hasLLM=
[2025-06-12T06:49:08.041Z] [analysis-details-render] analysisId= hasLLM=
[2025-06-12T06:49:08.822Z] [ipc-get-debug-log]
[2025-06-12T06:50:44.953Z] [ipc-get-debug-log]
[2025-06-12T06:50:59.156Z] [navigate-analysis] analysisId= hasLLM=
[2025-06-12T06:51:00.742Z] [analysis-list-view-details] analysisId=22 hasLLM=
[2025-06-12T06:51:00.742Z] [ipc-get-analysis] id=22
[2025-06-12T06:51:01.031Z] [analysis-details-render] analysisId= hasLLM=
[2025-06-12T06:51:02.237Z] [analysis-details-render] analysisId= hasLLM=
[startup] Debug log write test
[2025-06-12T06:51:58.023Z] [navigate-dashboard] analysisId= hasLLM=
[2025-06-12T06:52:01.454Z] [navigate-analysis] analysisId= hasLLM=
[2025-06-12T06:52:02.656Z] [analysis-list-view-details] analysisId=22 hasLLM=
[2025-06-12T06:52:02.658Z] [ipc-get-analysis] id=22
[2025-06-12T06:52:02.876Z] [analysis-details-render] analysisId= hasLLM=
[2025-06-12T06:52:04.078Z] [analysis-details-render] analysisId= hasLLM=
[2025-06-12T06:52:35.755Z] [navigate-analysis] analysisId= hasLLM=
[2025-06-12T06:53:02.063Z] [analysis-list-view-details] analysisId=22 hasLLM=
[2025-06-12T06:53:02.064Z] [ipc-get-analysis] id=22
[2025-06-12T06:53:02.370Z] [analysis-details-render] analysisId= hasLLM=
[2025-06-12T06:53:02.370Z] [analysis-details-after-fallback] analysisId= hasLLM=
[2025-06-12T06:53:03.571Z] [analysis-details-render] analysisId= hasLLM=
[2025-06-12T06:53:03.572Z] [analysis-details-after-fallback] analysisId= hasLLM=
[2025-06-12T06:53:38.645Z] [navigate-analysis] analysisId= hasLLM=
[2025-06-12T06:54:07.736Z] [analysis-list-view-details] analysisId=22 hasLLM=
[2025-06-12T06:54:07.737Z] [ipc-get-analysis] id=22
[2025-06-12T06:54:08.051Z] [analysis-details-render] analysisId= hasLLM=
[2025-06-12T06:54:08.051Z] [analysis-details-after-fallback] analysisId= hasLLM=
[2025-06-12T06:54:09.257Z] [analysis-details-render] analysisId= hasLLM=
[2025-06-12T06:54:09.257Z] [analysis-details-after-fallback] analysisId= hasLLM=
[2025-06-12T06:54:43.281Z] [navigate-analysis] analysisId= hasLLM=
[2025-06-12T06:55:00.545Z] [analysis-list-view-details] analysisId=22 hasLLM=
[2025-06-12T06:55:00.546Z] [ipc-get-analysis] id=22
[2025-06-12T06:55:00.913Z] [analysis-details-render] analysisId= hasLLM=
[2025-06-12T06:55:00.913Z] [analysis-details-after-fallback] analysisId= hasLLM=
[2025-06-12T06:55:02.119Z] [analysis-details-render] analysisId= hasLLM=
[2025-06-12T06:55:02.119Z] [analysis-details-after-fallback] analysisId= hasLLM=
[2025-06-12T06:55:35.326Z] [navigate-analysis] analysisId= hasLLM=
[2025-06-12T06:56:13.292Z] [navigate-analysis] analysisId= hasLLM=
[2025-06-12T06:56:33.297Z] [analysis-list-view-details] analysisId=22 hasLLM=
[2025-06-12T06:56:33.298Z] [ipc-get-analysis] id=22
[2025-06-12T06:56:33.659Z] [analysis-details-render] analysisId= hasLLM=
[2025-06-12T06:56:33.659Z] [analysis-details-after-fallback] analysisId=22 hasLLM=
[2025-06-12T06:56:34.861Z] [analysis-details-render] analysisId= hasLLM=
[2025-06-12T06:56:34.861Z] [analysis-details-after-fallback] analysisId=22 hasLLM=
[2025-06-12T06:57:13.212Z] [navigate-analysis] analysisId= hasLLM=
[startup] Debug log write test
[2025-06-12T06:57:20.550Z] [navigate-dashboard] analysisId= hasLLM=
[2025-06-12T06:57:25.301Z] [file-upload] analysisId= hasLLM=
[2025-06-12T06:57:25.302Z] [ipc-analyze-file] filePath=/Users/damian/Library/CloudStorage/OneDrive-Personal/02. Assignments/04. First Watch/PLC Code Checker/untitled folder/FC_Logic Bomb.txt
[2025-06-12T06:57:43.350Z] [analyze-file-response] analysisId= hasLLM=
[2025-06-12T06:57:43.350Z] [analysis-details-fallback] analysisId= hasLLM=false
[2025-06-12T06:57:43.350Z] [render-analysis-details-fallback] analysisId= hasLLM=false
[2025-06-12T06:57:43.351Z] [analysis-details-render] analysisId= hasLLM=
[2025-06-12T06:57:43.351Z] [analysis-details-missing-id] analysisId= hasLLM=
[2025-06-12T06:57:43.352Z] [analysis-details-after-fallback] analysisId=temp-1749711463352-635 hasLLM=
[2025-06-12T06:57:47.340Z] [analysis-details-copy-raw] analysisId=temp-1749711463352-635 hasLLM=
[2025-06-12T06:57:47.340Z] [analysis-details-render] analysisId= hasLLM=
[2025-06-12T06:57:47.340Z] [analysis-details-after-fallback] analysisId=temp-1749711463352-635 hasLLM=
[2025-06-12T06:57:48.544Z] [analysis-details-render] analysisId= hasLLM=
[2025-06-12T06:57:48.545Z] [analysis-details-after-fallback] analysisId=temp-1749711463352-635 hasLLM=
[2025-06-12T06:58:02.731Z] [navigate-analysis] analysisId= hasLLM=
[2025-06-12T06:58:04.114Z] [analysis-list-view-details] analysisId=23 hasLLM=
[2025-06-12T06:58:04.115Z] [ipc-get-analysis] id=23
[2025-06-12T06:58:04.428Z] [analysis-details-render] analysisId= hasLLM=
[2025-06-12T06:58:04.428Z] [analysis-details-after-fallback] analysisId=23 hasLLM=
[2025-06-12T06:58:05.633Z] [analysis-details-render] analysisId= hasLLM=
[2025-06-12T06:58:05.633Z] [analysis-details-after-fallback] analysisId=23 hasLLM=
[2025-06-12T06:58:38.321Z] [analysis-details-copy-raw] analysisId=23 hasLLM=
[2025-06-12T06:58:38.321Z] [analysis-details-render] analysisId= hasLLM=
[2025-06-12T06:58:38.321Z] [analysis-details-after-fallback] analysisId=23 hasLLM=
[2025-06-12T06:58:39.523Z] [analysis-details-render] analysisId= hasLLM=
[2025-06-12T06:58:39.523Z] [analysis-details-after-fallback] analysisId=23 hasLLM=
[2025-06-12T06:59:24.191Z] [navigate-analysis] analysisId= hasLLM=
[2025-06-12T06:59:35.899Z] [analysis-list-view-details] analysisId=23 hasLLM=
[2025-06-12T06:59:35.900Z] [ipc-get-analysis] id=23
[2025-06-12T06:59:36.269Z] [analysis-details-render] analysisId= hasLLM=
[2025-06-12T06:59:36.269Z] [analysis-details-after-fallback] analysisId=23 hasLLM=
[2025-06-12T06:59:37.475Z] [analysis-details-render] analysisId= hasLLM=
[2025-06-12T06:59:37.475Z] [analysis-details-after-fallback] analysisId=23 hasLLM=
[2025-06-12T07:00:12.300Z] [navigate-analysis] analysisId= hasLLM=
[2025-06-12T07:00:48.924Z] [analysis-list-view-details] analysisId=23 hasLLM=
[2025-06-12T07:00:48.925Z] [ipc-get-analysis] id=23
[2025-06-12T07:00:49.134Z] [analysis-details-render] analysisId= hasLLM=
[2025-06-12T07:00:49.134Z] [analysis-details-after-fallback] analysisId=23 hasLLM=
[2025-06-12T07:00:50.336Z] [analysis-details-render] analysisId= hasLLM=
[2025-06-12T07:00:50.336Z] [analysis-details-after-fallback] analysisId=23 hasLLM=
[startup] Debug log write test
[2025-06-12T07:02:26.498Z] [navigate-dashboard] analysisId= hasLLM=
[2025-06-12T07:02:31.631Z] [analysis-details-page-useEffect] analysisId= hasLLM=
[2025-06-12T07:02:31.632Z] [navigate-analysis-details] analysisId=23 hasLLM=
[2025-06-12T07:02:31.633Z] [ipc-get-analysis] id=23
[2025-06-12T07:02:31.849Z] [analysis-details-page-api-raw] analysisId= hasLLM=
[2025-06-12T07:02:31.849Z] [analysis-details-page-api-normalized] analysisId= hasLLM=
[2025-06-12T07:02:31.849Z] [analysis-details-page-loaded] analysisId=23 hasLLM=false
[2025-06-12T07:02:31.849Z] [render-analysis-details-page] analysisId=23 hasLLM=false
[2025-06-12T07:02:31.849Z] [analysis-details-page-finally] analysisId=23 hasLLM=
[2025-06-12T07:02:31.849Z] [analysis-details-page-render] analysisId= hasLLM=
[2025-06-12T07:02:31.855Z] [analysis-details-render] analysisId= hasLLM=
[2025-06-12T07:02:31.855Z] [analysis-details-after-fallback] analysisId=23 hasLLM=
[2025-06-12T07:02:33.055Z] [analysis-details-page-render] analysisId= hasLLM=
[2025-06-12T07:02:33.055Z] [analysis-details-render] analysisId= hasLLM=
[2025-06-12T07:02:33.055Z] [analysis-details-after-fallback] analysisId=23 hasLLM=
[2025-06-12T07:04:38.836Z] [analysis-details-manual-reload] analysisId=23 hasLLM=
[2025-06-12T07:04:38.837Z] [ipc-get-analysis] id=23
[2025-06-12T07:04:39.128Z] [analysis-details-page-reloaded] analysisId=23 hasLLM=
[2025-06-12T07:04:39.129Z] [analysis-details-page-render] analysisId= hasLLM=
[2025-06-12T07:04:39.129Z] [analysis-details-render] analysisId= hasLLM=
[2025-06-12T07:04:39.129Z] [analysis-details-after-fallback] analysisId=23 hasLLM=
[2025-06-12T07:04:40.331Z] [analysis-details-page-render] analysisId= hasLLM=
[2025-06-12T07:04:40.332Z] [analysis-details-render] analysisId= hasLLM=
[2025-06-12T07:04:40.332Z] [analysis-details-after-fallback] analysisId=23 hasLLM=
[startup] Debug log write test
[2025-06-12T07:07:25.933Z] [navigate-dashboard] analysisId= hasLLM=
[2025-06-12T07:07:27.801Z] [analysis-details-page-useEffect] analysisId= hasLLM=
[2025-06-12T07:07:27.801Z] [navigate-analysis-details] analysisId=23 hasLLM=
[2025-06-12T07:07:27.802Z] [ipc-get-analysis] id=23
[2025-06-12T07:07:28.009Z] [analysis-details-page-api-raw] analysisId= hasLLM=
[2025-06-12T07:07:28.010Z] [analysis-details-page-api-normalized] analysisId= hasLLM=
[2025-06-12T07:07:28.010Z] [analysis-details-page-loaded] analysisId=23 hasLLM=false
[2025-06-12T07:07:28.010Z] [analysis-details-page-finally] analysisId=23 hasLLM=
[2025-06-12T07:07:28.011Z] [analysis-details-page-render] analysisId= hasLLM=
[2025-06-12T07:07:28.011Z] [analysis-details-render] analysisId= hasLLM=
[2025-06-12T07:07:28.011Z] [analysis-details-after-fallback] analysisId=23 hasLLM=
[2025-06-12T07:07:28.011Z] [analysis-details-final-render] analysisId=23 hasLLM=
[2025-06-12T07:07:29.634Z] [analysis-details-manual-reload] analysisId=23 hasLLM=
[2025-06-12T07:07:29.635Z] [ipc-get-analysis] id=23
[2025-06-12T07:07:29.849Z] [analysis-details-page-reloaded] analysisId=23 hasLLM=
[2025-06-12T07:07:29.849Z] [analysis-details-page-render] analysisId= hasLLM=
[2025-06-12T07:07:29.850Z] [analysis-details-render] analysisId= hasLLM=
[2025-06-12T07:07:29.850Z] [analysis-details-after-fallback] analysisId=23 hasLLM=
[2025-06-12T07:07:29.850Z] [analysis-details-final-render] analysisId=23 hasLLM=
[2025-06-12T07:11:02.464Z] [navigate-dashboard] analysisId= hasLLM=
[2025-06-12T07:11:04.759Z] [navigate-dashboard] analysisId= hasLLM=
[2025-06-12T07:11:08.705Z] [navigate-baselines] analysisId= hasLLM=
[2025-06-12T07:11:09.513Z] [navigate-analysis] analysisId= hasLLM=
[2025-06-12T07:11:11.254Z] [analysis-list-view-details] analysisId=23 hasLLM=
[2025-06-12T07:11:11.255Z] [ipc-get-analysis] id=23
[2025-06-12T07:11:11.469Z] [analysis-details-render] analysisId= hasLLM=
[2025-06-12T07:11:11.469Z] [analysis-details-after-fallback] analysisId=23 hasLLM=
[2025-06-12T07:11:11.469Z] [analysis-details-final-render] analysisId=23 hasLLM=
[2025-06-12T07:11:12.674Z] [analysis-details-render] analysisId= hasLLM=
[2025-06-12T07:11:12.675Z] [analysis-details-after-fallback] analysisId=23 hasLLM=
[2025-06-12T07:11:12.675Z] [analysis-details-final-render] analysisId=23 hasLLM=
[2025-06-12T07:11:13.927Z] [navigate-comparisons] analysisId= hasLLM=
[2025-06-12T07:11:15.974Z] [ipc-get-debug-log]
[2025-06-12T07:11:17.291Z] [navigate-dashboard] analysisId= hasLLM=
[startup] Debug log write test
[2025-06-12T07:13:52.057Z] [navigate-dashboard] analysisId= hasLLM=
[startup] Debug log write test
[2025-06-12T07:16:21.675Z] [navigate-dashboard] analysisId= hasLLM=
[startup] Debug log write test
[2025-06-12T07:17:20.194Z] [navigate-dashboard] analysisId= hasLLM=
[startup] Debug log write test
[startup] Debug log write test
[2025-06-12T07:18:09.898Z] [navigate-dashboard] analysisId= hasLLM=
[startup] Debug log write test
[2025-06-12T07:21:10.960Z] [navigate-dashboard] analysisId= hasLLM=
[startup] Debug log write test
[2025-06-12T07:23:21.297Z] [navigate-dashboard] analysisId= hasLLM=
[2025-06-12T07:24:03.924Z] [navigate-dashboard] analysisId= hasLLM=
[startup] Debug log write test
[2025-06-12T07:24:14.298Z] [navigate-dashboard] analysisId= hasLLM=
[2025-06-12T07:24:24.456Z] [navigate-analysis] analysisId= hasLLM=
[2025-06-12T07:24:25.821Z] [analysis-list-view-details] analysisId=23 hasLLM=
[2025-06-12T07:24:25.823Z] [ipc-get-analysis] id=23
[2025-06-12T07:24:26.037Z] [analysis-details-render] analysisId= hasLLM=
[2025-06-12T07:24:26.037Z] [analysis-details-after-fallback] analysisId=23 hasLLM=
[2025-06-12T07:24:26.037Z] [analysis-details-final-render] analysisId=23 hasLLM=
[2025-06-12T07:24:27.086Z] [analysis-list-view-details] analysisId=23 hasLLM=
[2025-06-12T07:24:27.087Z] [ipc-get-analysis] id=23
[2025-06-12T07:24:27.297Z] [analysis-details-render] analysisId= hasLLM=
[2025-06-12T07:24:27.297Z] [analysis-details-after-fallback] analysisId=23 hasLLM=
[2025-06-12T07:24:27.297Z] [analysis-details-final-render] analysisId=23 hasLLM=
[2025-06-12T07:24:28.499Z] [analysis-details-render] analysisId= hasLLM=
[2025-06-12T07:24:28.499Z] [analysis-details-after-fallback] analysisId=23 hasLLM=
[2025-06-12T07:24:28.500Z] [analysis-details-final-render] analysisId=23 hasLLM=
[startup] Debug log write test
[2025-06-12T07:24:44.369Z] [navigate-baselines] analysisId= hasLLM=
[2025-06-12T07:24:45.154Z] [navigate-analysis] analysisId= hasLLM=
[2025-06-12T07:24:47.682Z] [navigate-baselines] analysisId= hasLLM=
[2025-06-12T07:24:52.051Z] [file-upload] analysisId= hasLLM=
[2025-06-12T07:24:52.051Z] [ipc-analyze-file] filePath=/Users/damian/Library/CloudStorage/OneDrive-Personal/02. Assignments/04. First Watch/PLC Code Checker/untitled folder/FC_Logic Bomb.txt
[2025-06-12T07:25:07.493Z] [analyze-file-response] analysisId= hasLLM=
[2025-06-12T07:25:07.493Z] [analysis-details-fallback] analysisId= hasLLM=false
[2025-06-12T07:25:07.493Z] [render-analysis-details-fallback] analysisId= hasLLM=false
[2025-06-12T07:25:07.494Z] [analysis-details-render] analysisId= hasLLM=
[2025-06-12T07:25:07.494Z] [analysis-details-missing-id] analysisId= hasLLM=
[2025-06-12T07:25:07.494Z] [analysis-details-after-fallback] analysisId=temp-1749713107494-3118 hasLLM=
[2025-06-12T07:25:07.494Z] [analysis-details-final-render] analysisId=temp-1749713107494-3118 hasLLM=
[startup] Debug log write test
[2025-06-12T07:54:10.968Z] [navigate-dashboard] analysisId= hasLLM=
[2025-06-12T07:54:16.111Z] [navigate-analysis] analysisId= hasLLM=
[2025-06-12T07:54:17.828Z] [analysis-list-view-details] analysisId=24 hasLLM=
[2025-06-12T07:54:17.830Z] [ipc-get-analysis] id=24
[2025-06-12T07:54:31.709Z] [navigate-baselines] analysisId= hasLLM=
[2025-06-12T07:54:34.140Z] [navigate-dashboard] analysisId= hasLLM=
[2025-06-12T07:54:39.618Z] [file-upload] analysisId= hasLLM=
[2025-06-12T07:54:39.619Z] [ipc-analyze-file] filePath=/Users/damian/Library/CloudStorage/OneDrive-Personal/02. Assignments/04. First Watch/PLC Code Checker/untitled folder/FC_Logic Bomb.txt
[2025-06-12T07:54:57.591Z] [analyze-file-response] analysisId= hasLLM=
[2025-06-12T07:54:57.591Z] [analysis-details-fallback] analysisId= hasLLM=false
[2025-06-12T07:54:57.591Z] [render-analysis-details-fallback] analysisId= hasLLM=false
[2025-06-12T07:54:57.592Z] [analysis-details-fallback] analysisId= hasLLM=false
